{
  "stats": {
    "suites": 1,
    "tests": 6,
    "passes": 4,
    "pending": 0,
    "failures": 2,
    "start": "2022-01-19T15:00:46.365Z",
    "end": "2022-01-19T15:01:48.094Z",
    "duration": 61729,
    "testsRegistered": 6,
    "passPercent": 66.66666666666666,
    "pendingPercent": 0,
    "other": 0,
    "hasOther": false,
    "skipped": 0,
    "hasSkipped": false
  },
  "results": [
    {
      "uuid": "625b982a-93d5-41d7-bb08-c15e6cf8c824",
      "title": "",
      "fullFile": "",
      "file": "",
      "beforeHooks": [],
      "afterHooks": [],
      "tests": [],
      "suites": [
        {
          "uuid": "341796ac-fd5f-4181-97b5-c40fc9c643f9",
          "title": "Test VPC auto",
          "fullFile": "C:\\Users\\Gal\\Desktop\\Oxs_Testing\\QA_VPC\\test\\test1.test.js",
          "file": "\\test\\test1.test.js",
          "beforeHooks": [
            {
              "title": "\"before all\" hook in \"Test VPC auto\"",
              "fullTitle": "Test VPC auto \"before all\" hook in \"Test VPC auto\"",
              "timedOut": false,
              "duration": 0,
              "state": null,
              "speed": null,
              "pass": false,
              "fail": false,
              "pending": false,
              "context": null,
              "code": "driver.get('https://stg.oxs.co.il'); \ndriver.manage().window().maximize();",
              "err": {},
              "uuid": "c691628c-1231-43f5-a7fd-97e37dcec863",
              "parentUUID": "341796ac-fd5f-4181-97b5-c40fc9c643f9",
              "isHook": true,
              "skipped": false
            }
          ],
          "afterHooks": [
            {
              "title": "\"after all\" hook in \"Test VPC auto\"",
              "fullTitle": "Test VPC auto \"after all\" hook in \"Test VPC auto\"",
              "timedOut": false,
              "duration": 0,
              "state": null,
              "speed": null,
              "pass": false,
              "fail": false,
              "pending": false,
              "context": null,
              "code": "//driver.close();",
              "err": {},
              "uuid": "af276c09-1ee2-4eb1-9dc4-df073fc641ae",
              "parentUUID": "341796ac-fd5f-4181-97b5-c40fc9c643f9",
              "isHook": true,
              "skipped": false
            }
          ],
          "tests": [
            {
              "title": "Testing right page",
              "fullTitle": "Test VPC auto Testing right page",
              "timedOut": false,
              "duration": 3566,
              "state": "passed",
              "speed": "slow",
              "pass": true,
              "fail": false,
              "pending": false,
              "context": null,
              "code": "// Set timeout to 10 seconds\n\n    \n    await driver.sleep(3000);\n    let Title = await driver.getTitle();\n    console.log(Title);\n    let EnterSystem = await driver.findElement(By.xpath('//*[@id=\"view\"]/div/header/div[2]/p')).getText();\n    assert.equal(EnterSystem,'כניסה למערכת');\n    \n    // Find title and assert",
              "err": {},
              "uuid": "4ac51f04-69cc-41e2-8087-4612c2060ab3",
              "parentUUID": "341796ac-fd5f-4181-97b5-c40fc9c643f9",
              "isHook": false,
              "skipped": false
            },
            {
              "title": "Log in to demo company",
              "fullTitle": "Test VPC auto Log in to demo company",
              "timedOut": false,
              "duration": 5511,
              "state": "passed",
              "speed": "slow",
              "pass": true,
              "fail": false,
              "pending": false,
              "context": null,
              "code": "await driver.sleep(3000);\nawait driver.findElement(By.xpath('//*[@id=\"view\"]/div/header/div[2]/p')).click();\nawait driver.findElement(By.name('email')).sendKeys('origi@gmail.com');\nawait driver.findElement(By.name('password')).sendKeys('123123');\nawait driver.findElement(By.xpath('//*[@id=\"login-submit\"]/input')).click();\nawait driver.sleep(2000)\nlet CompanyName = await driver.wait(until.elementLocated(By.xpath('//*[@id=\"view\"]/div/div[1]/div/div[2]/h2'))).getText();\nassert.equal(CompanyName, 'גבעת האקליפטוס')",
              "err": {},
              "uuid": "6f0f534c-d843-4479-ba4c-f9156553e6a1",
              "parentUUID": "341796ac-fd5f-4181-97b5-c40fc9c643f9",
              "isHook": false,
              "skipped": false
            },
            {
              "title": "create a building",
              "fullTitle": "Test VPC auto create a building",
              "timedOut": false,
              "duration": 32200,
              "state": "passed",
              "speed": "slow",
              "pass": true,
              "fail": false,
              "pending": false,
              "context": null,
              "code": "await driver.sleep(3000);\nawait driver.findElement(By.xpath('//*[@id=\"view\"]/div/div[2]/div/div[1]/div[4]/div[1]/div/p')).click();\nawait driver.findElement(By.xpath('//*[@id=\"view\"]/div/div[2]/div/div[1]/div[4]/div[1]/ul/li[3]/p')).click();\nawait driver.sleep(3000);\nawait driver.findElement(By.id('city')).sendKeys('חולון')\nawait driver.findElement(By.id('street')).sendKeys('ההסתדרות')\nawait driver.findElement(By.id('number')).sendKeys(Math.floor(Math.random() * 1000));\nNumApp = await driver.findElement(By.id('numberAppartments'))\nawait NumApp.clear();\nawait NumApp.sendKeys('5');\nNumapp2 = await driver.findElement(By.id('numberAppartmentsConfirm'))\nawait Numapp2.clear();\nawait Numapp2.sendKeys('5')\nawait driver.sleep(3000);\nawait driver.wait(until.elementLocated(By.xpath('//*[@id=\"view\"]/div/div[3]/div/div[4]/span/div/form/div[8]/div/button')),3000).click();\nawait driver.sleep(3000);\nconst btnfrd = await driver.wait(until.elementLocated(By.xpath('//*[@id=\"view\"]/div/div[3]/div/div[5]/span/div[2]/div/form/div/div[2]/center/button')),3000);\nawait btnfrd.click();\nawait driver.sleep(3000);\nawait driver.findElement(By.id('amount')).sendKeys('100');\nawait driver.findElement(By.xpath('//*[@id=\"view\"]/div/div[3]/div/div[6]/span/ul/ul/form/div[3]/div/div/div[1]/div/img')).click();\nawait driver.sleep(3000)\n//await elem[1].click();\nawait driver.findElement(By.xpath('//*[@id=\"view\"]/div/div[3]/div/div[6]/span/ul/ul/form/div[3]/div/div/div[1]/div/ul/li[1]')).click();\nawait driver.findElement(By.xpath('//*[@id=\"view\"]/div/div[3]/div/div[6]/span/ul/ul/form/div[3]/div/div/div[2]/div/img')).click();\nawait driver.sleep(3000)\nlet YearSelect = await driver.wait(until.elementLocated(By.xpath('//*[@id=\"view\"]/div/div[3]/div/div[6]/span/ul/ul/form/div[3]/div/div/div[2]/div/ul/li[2]/span')),3000);\nawait driver.sleep(3000)\nawait YearSelect.click();\nawait driver.sleep(3000)\nconst btn = await driver.findElement(By.css('#view > div > div.contentWrapper > div > div:nth-child(6) > span > ul > ul > form > div:nth-child(4) > div.grid-col-2 > center > button'));\nawait btn.click();\nawait driver.sleep(3000)\nSuccessfulAdd = await driver.wait(until.elementLocated(By.xpath('//*[@id=\"done\"]/center/h2')),3000).getText();\nassert.equal('בניין חדש נוסף בהצלחה!' , SuccessfulAdd)\ndriver.sleep(3000)\nconst MoveToMP = await driver.wait(until.elementLocated(By.xpath('//*[@id=\"done\"]/center/input')),3000);\nawait MoveToMP.click();",
              "err": {},
              "uuid": "0c62159f-2662-4446-9744-0bf42afac877",
              "parentUUID": "341796ac-fd5f-4181-97b5-c40fc9c643f9",
              "isHook": false,
              "skipped": false
            },
            {
              "title": "add tenant",
              "fullTitle": "Test VPC auto add tenant",
              "timedOut": false,
              "duration": 14926,
              "state": "passed",
              "speed": "slow",
              "pass": true,
              "fail": false,
              "pending": false,
              "context": null,
              "code": "// in histadrut 730 only!!!!\n        const Name = 'גל האוטומטי'\n        const Phone = '0524455586' \n        const Email = 'qa@oxs.co.il';\n        driver.sleep(5000);\n        //await driver.wait(until.elementLocated(By.xpath('//*[@id=\"view\"]/div/div[2]/div/div[1]/div[2]/img')),3000).click();\n        //await driver.wait(until.elementLocated(By.id('61e6c0a6939a73251c84d83f')),3000).click();\n        await driver.wait(until.elementLocated(By.xpath('//*[@id=\"view\"]/div/div[3]/div/div/div/div[4]/div/div/tbody/tr[1]/td[2]/div')),3000).click();\n        await driver.sleep(3000);\n        btnCrtTnt = await driver.wait(until.elementLocated(By.xpath('//*[@id=\"toolBarFilesIcon\"]')),3000);\n        await btnCrtTnt.click();\n        await driver.wait(until.elementLocated(By.xpath('//*[@id=\"toptoolbar\"]/div[3]/div[1]/div/div/div[1]/p')),3000).click();\n        await driver.sleep(3000)\n        await driver.wait(until.elementLocated(By.xpath('//*[@id=\"modalDescription\"]/div/div/div[1]/div[2]/input')),3000).sendKeys(Name);\n        await driver.findElement(By.xpath('//*[@id=\"modalDescription\"]/div/div/div[3]/div[2]/input')).sendKeys(Phone);\n        await driver.findElement(By.xpath('//*[@id=\"modalDescription\"]/div/div/div[5]/div[2]/div/div/input')).sendKeys(Email);\n        \n        AddTntbtn = await driver.wait(until.elementLocated(By.id('addTenant')),2000);\n        AddTntbtn.click();\n        successAddTnt = await driver.wait(until.elementLocated(By.xpath('//*[@id=\"modalDescription\"]/div/div[2]/span/span'))).getText();\n        assert.equal('דייר נוסף בהצלחה', successAddTnt);\n        await driver.sleep(3000);\n        await driver.wait(until.elementLocated(By.xpath('//*[@id=\"modalDescription\"]/div/div[2]/div/div')),3000).click();\n        await driver.sleep(3000);\n        await driver.navigate().back();",
              "err": {},
              "uuid": "c7df23e8-c43e-4751-b071-fd462dc7c563",
              "parentUUID": "341796ac-fd5f-4181-97b5-c40fc9c643f9",
              "isHook": false,
              "skipped": false
            },
            {
              "title": "Create bank account",
              "fullTitle": "Test VPC auto Create bank account",
              "timedOut": false,
              "duration": 1252,
              "state": "failed",
              "speed": null,
              "pass": false,
              "fail": true,
              "pending": false,
              "context": null,
              "code": "await driver.wait(until.elementLocated(By.xpath('//*[@id=\"view\"]/div/div[2]/div/div[1]/div[4]/div[2]/div/p')),3000).click();\nawait driver.wait(until.elementLocated(By.xpath('//*[@id=\"view\"]/div/div[2]/div/div[1]/div[4]/div[2]/ul/li[5]/p/span')),3000).click();\nawait driver.wait(until.elementLocated(By.xpath('//*[@id=\"view\"]/div/div[3]/div/div/div[4]/div[2]/div[1]/div[2]/div/img')),3000).click();\nawait driver.wait(until.elementLocated(By.xpath('//*[@id=\"view\"]/div/div[3]/div/div/div[4]/div[2]/div[1]/div[2]/div/ul/li[1]')),3000).click();\nawait driver.wait(until.elementLocated(By.xpath('//*[@id=\"view\"]/div/div[3]/div/div/div[4]/div[2]/div[2]/div[2]/input')),3000).sendKeys('123');\nawait driver.wait(until.elementLocated(By.xpath('//*[@id=\"view\"]/div/div[3]/div/div/div[4]/div[2]/div[3]/div[2]/input')),3000).sendKeys('12345');\nawait driver.wait(until.elementLocated(By.xpath('//*[@id=\"view\"]/div/div[3]/div/div/div[4]/div[2]/div[4]/div[2]/input')),3000).sendKeys('John');\nawait driver.wait(until.elementLocated(By.xpath('//*[@id=\"view\"]/div/div[3]/div/div/div[4]/div[2]/div[5]/div[2]/input')),3000).sendKeys('000000000');\nconst UploadFile = await driver.findElement(By.xpath('//*[@id=\"view\"]/div/div[3]/div/div/div[4]/div[2]/div[7]/div[2]/img'));\n//not Working!!!!!!!!;\nawait UploadFile.sendKeys('\"C:\\\\Users\\\\Gal\\\\Desktop\\\\Oxs_Testing\\\\QA_VPC\\\\1.pdf\"');\nawait driver.wait(until.elementLocated(By.xpath('//*[@id=\"view\"]/div/div[3]/div/div/div[4]/div[2]/div[8]/div[2]/img')),3000).sendKeys('./1.pdf');\nawait driver.wait(until.elementLocated(By.xpath('//*[@id=\"view\"]/div/div[3]/div/div/div[4]/div[2]/div[10]/div[2]/input')),3000).click();",
              "err": {
                "message": "ElementNotInteractableError: element not interactable\n  (Session info: chrome=97.0.4692.71)",
                "estack": "ElementNotInteractableError: element not interactable\n  (Session info: chrome=97.0.4692.71)\n    at Object.throwDecodedError (node_modules\\selenium-webdriver\\lib\\error.js:522:15)\n    at parseHttpResponse (node_modules\\selenium-webdriver\\lib\\http.js:548:13)\n    at Executor.execute (node_modules\\selenium-webdriver\\lib\\http.js:474:28)\n    at processTicksAndRejections (internal/process/task_queues.js:95:5)\n    at async thenableWebDriverProxy.execute (node_modules\\selenium-webdriver\\lib\\webdriver.js:735:17)\n    at async Context.<anonymous> (test\\test1.test.js:140:9)",
                "diff": null
              },
              "uuid": "e8c7f441-40b2-4ca8-a6ba-11fa231d0613",
              "parentUUID": "341796ac-fd5f-4181-97b5-c40fc9c643f9",
              "isHook": false,
              "skipped": false
            },
            {
              "title": "Pay a regular payment for one month",
              "fullTitle": "Test VPC auto Pay a regular payment for one month",
              "timedOut": false,
              "duration": 4259,
              "state": "failed",
              "speed": null,
              "pass": false,
              "fail": true,
              "pending": false,
              "context": null,
              "code": "//*********only in histadrut 369********\nawait driver.get('https://stg.oxs.co.il');\nawait driver.sleep(3000);\nawait driver.findElement(By.xpath('//*[@id=\"view\"]/div/header/div[2]/p')).click();\nawait driver.findElement(By.name('email')).sendKeys('origi@gmail.com');\nawait driver.findElement(By.name('password')).sendKeys('123123');\nawait driver.findElement(By.xpath('//*[@id=\"login-submit\"]/input')).click();\nawait driver.sleep(2000) \n//start test\nlet name =  await driver.wait(until.elementLocated(By.xpath('//*[@id=\"view\"]/div/div[3]/div/div/div/div[4]/div/div/tbody/tr[1]/td[2]/div')),3000);\nconsole.log('this is the name' +name);\nawait name.click();\nawait driver.wait(until.elementLocated(By.xpath('//*[@id=\"yearlyPaymentsRow\"]/tbody/tr/td[1]/div/span/div')),3000).click();\nawait driver.wait(until.elementLocated(By.xpath('//*[@id=\"paymentTypesRow\"]/tbody/tr/td[1]/div')),3000).click();\nawait driver.wait(until.elementLocated(By.xpath('//*[@id=\"paymentTypesRow\"]/div/button')),3000).click();\nawait driver.wait(until.elementLocated(By.xpath('//*[@id=\"modalDescription\"]/span/div/span/div[2]/div[2]/div[2]/label/div[1]/div')),3000).click();\nawait driver.wait(until.elementLocated(By.xpath('//*[@id=\"modalDescription\"]/center/div/button')),3000).click();\nawait driver.wait(until.elementLocated(By.xpath('//*[@id=\"modalDescription\"]/center/div/button')),3000).click();",
              "err": {
                "message": "NoSuchElementError: no such element: Unable to locate element: {\"method\":\"xpath\",\"selector\":\"//*[@id=\"view\"]/div/header/div[2]/p\"}\n  (Session info: chrome=97.0.4692.71)",
                "estack": "NoSuchElementError: no such element: Unable to locate element: {\"method\":\"xpath\",\"selector\":\"//*[@id=\"view\"]/div/header/div[2]/p\"}\n  (Session info: chrome=97.0.4692.71)\n    at Object.throwDecodedError (node_modules\\selenium-webdriver\\lib\\error.js:522:15)\n    at parseHttpResponse (node_modules\\selenium-webdriver\\lib\\http.js:548:13)\n    at Executor.execute (node_modules\\selenium-webdriver\\lib\\http.js:474:28)\n    at processTicksAndRejections (internal/process/task_queues.js:95:5)\n    at async thenableWebDriverProxy.execute (node_modules\\selenium-webdriver\\lib\\webdriver.js:735:17)\n    at async toWireValue (node_modules\\selenium-webdriver\\lib\\webdriver.js:140:15)\n    at async C:\\Users\\Gal\\Desktop\\Oxs_Testing\\QA_VPC\\node_modules\\selenium-webdriver\\lib\\webdriver.js:190:16\n    at async forEachKey (node_modules\\selenium-webdriver\\lib\\webdriver.js:184:9)\n    at async convertKeys (node_modules\\selenium-webdriver\\lib\\webdriver.js:189:3)\n    at async thenableWebDriverProxy.execute (node_modules\\selenium-webdriver\\lib\\webdriver.js:733:22)\n    at async Context.<anonymous> (test\\test1.test.js:152:9)",
                "diff": null
              },
              "uuid": "ff409255-184c-4e0d-ba57-e5dac81f3ccd",
              "parentUUID": "341796ac-fd5f-4181-97b5-c40fc9c643f9",
              "isHook": false,
              "skipped": false
            }
          ],
          "suites": [],
          "passes": [
            "4ac51f04-69cc-41e2-8087-4612c2060ab3",
            "6f0f534c-d843-4479-ba4c-f9156553e6a1",
            "0c62159f-2662-4446-9744-0bf42afac877",
            "c7df23e8-c43e-4751-b071-fd462dc7c563"
          ],
          "failures": [
            "e8c7f441-40b2-4ca8-a6ba-11fa231d0613",
            "ff409255-184c-4e0d-ba57-e5dac81f3ccd"
          ],
          "pending": [],
          "skipped": [],
          "duration": 61714,
          "root": false,
          "rootEmpty": false,
          "_timeout": 1000000
        }
      ],
      "passes": [],
      "failures": [],
      "pending": [],
      "skipped": [],
      "duration": 0,
      "root": true,
      "rootEmpty": true,
      "_timeout": 1000000
    }
  ],
  "meta": {
    "mocha": {
      "version": "9.1.3"
    },
    "mochawesome": {
      "options": {
        "quiet": false,
        "reportFilename": "mochawesome",
        "saveHtml": true,
        "saveJson": true,
        "consoleReporter": "spec",
        "useInlineDiffs": false,
        "code": true
      },
      "version": "7.0.1"
    },
    "marge": {
      "options": null,
      "version": "6.0.1"
    }
  }
}