{
  "stats": {
    "suites": 1,
    "tests": 4,
    "passes": 3,
    "pending": 0,
    "failures": 1,
    "start": "2022-01-18T10:46:53.828Z",
    "end": "2022-01-18T10:47:42.870Z",
    "duration": 49042,
    "testsRegistered": 4,
    "passPercent": 75,
    "pendingPercent": 0,
    "other": 0,
    "hasOther": false,
    "skipped": 0,
    "hasSkipped": false
  },
  "results": [
    {
      "uuid": "ebf21888-5535-4502-b12f-3dfc1465c46e",
      "title": "",
      "fullFile": "",
      "file": "",
      "beforeHooks": [],
      "afterHooks": [],
      "tests": [],
      "suites": [
        {
          "uuid": "59508a78-7b42-47bd-b6b2-62d700738320",
          "title": "Test VPC auto",
          "fullFile": "C:\\Users\\Gal\\Desktop\\Oxs_Testing\\QA_VPC\\test\\test1.test.js",
          "file": "\\test\\test1.test.js",
          "beforeHooks": [
            {
              "title": "\"before all\" hook in \"Test VPC auto\"",
              "fullTitle": "Test VPC auto \"before all\" hook in \"Test VPC auto\"",
              "timedOut": false,
              "duration": 0,
              "state": null,
              "speed": null,
              "pass": false,
              "fail": false,
              "pending": false,
              "context": null,
              "code": "driver.get('http://dev.oxs.co.il'); \ndriver.manage().window().maximize();",
              "err": {},
              "uuid": "1314e4fd-46d8-43c3-8d37-28df45492cdc",
              "parentUUID": "59508a78-7b42-47bd-b6b2-62d700738320",
              "isHook": true,
              "skipped": false
            }
          ],
          "afterHooks": [
            {
              "title": "\"after all\" hook in \"Test VPC auto\"",
              "fullTitle": "Test VPC auto \"after all\" hook in \"Test VPC auto\"",
              "timedOut": false,
              "duration": 0,
              "state": null,
              "speed": null,
              "pass": false,
              "fail": false,
              "pending": false,
              "context": null,
              "code": "//driver.close();",
              "err": {},
              "uuid": "fabadbca-b29a-43f1-b886-630395919438",
              "parentUUID": "59508a78-7b42-47bd-b6b2-62d700738320",
              "isHook": true,
              "skipped": false
            }
          ],
          "tests": [
            {
              "title": "Testing right page",
              "fullTitle": "Test VPC auto Testing right page",
              "timedOut": false,
              "duration": 4024,
              "state": "passed",
              "speed": "slow",
              "pass": true,
              "fail": false,
              "pending": false,
              "context": null,
              "code": "// Set timeout to 10 seconds\n\n    try{\n    await driver.sleep(3000);\n    let Title = await driver.getTitle();\n    console.log(Title);\n    let EnterSystem = await driver.findElement(By.xpath('//*[@id=\"view\"]/div/header/div[2]/p')).getText();\n    assert.equal(EnterSystem,'כניסה למערכת');\n    \n    // Find title and assert\n    }   \n        catch(e) {\n    \n            console.log(\"Error:\", e.message)\n            return false\n        }",
              "err": {},
              "uuid": "fb7ceea4-cb7a-43b7-a93d-bfaf44aa8123",
              "parentUUID": "59508a78-7b42-47bd-b6b2-62d700738320",
              "isHook": false,
              "skipped": false
            },
            {
              "title": "enter credentials",
              "fullTitle": "Test VPC auto enter credentials",
              "timedOut": false,
              "duration": 5563,
              "state": "passed",
              "speed": "slow",
              "pass": true,
              "fail": false,
              "pending": false,
              "context": null,
              "code": "try{\nawait driver.sleep(3000);\nawait driver.findElement(By.xpath('//*[@id=\"view\"]/div/header/div[2]/p')).click();\nawait driver.findElement(By.name('email')).sendKeys('origi@gmail.com');\nawait driver.findElement(By.name('password')).sendKeys('123123');\nawait driver.findElement(By.xpath('//*[@id=\"login-submit\"]/input')).click();\nawait driver.sleep(2000)\nlet CompanyName = await driver.wait(until.elementLocated(By.xpath('//*[@id=\"view\"]/div/div[1]/div/div[2]/h2'))).getText();\nassert.equal(CompanyName, ' האקליפטוס')\n}\ncatch(e) {\n    //marking the test as Failed if product has not been added to the cart\n    console.log(\"Error:\", e.message)\n    return false\n}",
              "err": {},
              "uuid": "0248d862-954c-4eea-a609-65da8e6a0211",
              "parentUUID": "59508a78-7b42-47bd-b6b2-62d700738320",
              "isHook": false,
              "skipped": false
            },
            {
              "title": "create a building",
              "fullTitle": "Test VPC auto create a building",
              "timedOut": false,
              "duration": 31936,
              "state": "passed",
              "speed": "slow",
              "pass": true,
              "fail": false,
              "pending": false,
              "context": null,
              "code": "await driver.sleep(3000);\nawait driver.findElement(By.xpath('//*[@id=\"view\"]/div/div[2]/div/div[1]/div[4]/div[1]/div/p')).click();\nawait driver.findElement(By.xpath('//*[@id=\"view\"]/div/div[2]/div/div[1]/div[4]/div[1]/ul/li[3]/p')).click();\nawait driver.sleep(3000);\nawait driver.findElement(By.id('city')).sendKeys('חולון')\nawait driver.findElement(By.id('street')).sendKeys('ההסתדרות')\nawait driver.findElement(By.id('number')).sendKeys(Math.floor(Math.random() * 1000));\nNumApp = await driver.findElement(By.id('numberAppartments'))\nawait NumApp.clear();\nawait NumApp.sendKeys('5');\nNumapp2 = await driver.findElement(By.id('numberAppartmentsConfirm'))\nawait Numapp2.clear();\nawait Numapp2.sendKeys('5')\nawait driver.sleep(3000);\nawait driver.wait(until.elementLocated(By.xpath('//*[@id=\"view\"]/div/div[3]/div/div[4]/span/div/form/div[8]/div/button')),3000).click();\nawait driver.sleep(3000);\nconst btnfrd = await driver.wait(until.elementLocated(By.xpath('//*[@id=\"view\"]/div/div[3]/div/div[5]/span/div[2]/div/form/div/div[2]/center/button')),3000);\nawait btnfrd.click();\nawait driver.sleep(3000);\nawait driver.findElement(By.id('amount')).sendKeys('100');\nawait driver.findElement(By.xpath('//*[@id=\"view\"]/div/div[3]/div/div[6]/span/ul/ul/form/div[3]/div/div/div[1]/div/img')).click();\nawait driver.sleep(3000)\n//await elem[1].click();\nawait driver.findElement(By.xpath('//*[@id=\"view\"]/div/div[3]/div/div[6]/span/ul/ul/form/div[3]/div/div/div[1]/div/ul/li[1]')).click();\nawait driver.findElement(By.xpath('//*[@id=\"view\"]/div/div[3]/div/div[6]/span/ul/ul/form/div[3]/div/div/div[2]/div/img')).click();\nawait driver.sleep(3000)\nlet YearSelect = await driver.wait(until.elementLocated(By.xpath('//*[@id=\"view\"]/div/div[3]/div/div[6]/span/ul/ul/form/div[3]/div/div/div[2]/div/ul/li[2]/span')),3000);\nawait driver.sleep(3000)\nawait YearSelect.click();\nawait driver.sleep(3000)\nconst btn = await driver.findElement(By.css('#view > div > div.contentWrapper > div > div:nth-child(6) > span > ul > ul > form > div:nth-child(4) > div.grid-col-2 > center > button'));\nawait btn.click();\nawait driver.sleep(3000)\nSuccessfulAdd = await driver.wait(until.elementLocated(By.xpath('//*[@id=\"done\"]/center/h2')),3000).getText();\nassert.equal('בניין חדש נוסף בהצלחה!' , SuccessfulAdd)\ndriver.sleep(3000)\nconst MoveToMP = await driver.wait(until.elementLocated(By.xpath('//*[@id=\"done\"]/center/input')),3000);\nawait MoveToMP.click();",
              "err": {},
              "uuid": "1e525883-16b2-42cf-9d85-9553cbad0cdf",
              "parentUUID": "59508a78-7b42-47bd-b6b2-62d700738320",
              "isHook": false,
              "skipped": false
            },
            {
              "title": "add tenant",
              "fullTitle": "Test VPC auto add tenant",
              "timedOut": false,
              "duration": 7509,
              "state": "failed",
              "speed": null,
              "pass": false,
              "fail": true,
              "pending": false,
              "context": null,
              "code": "const Name = 'גל האוטומטי'\n        const Phone = '0524455586' \n        const Email = 'qa@oxs.co.il';\n        await driver.wait(until.elementLocated(By.xpath('//*[@id=\"view\"]/div/div[3]/div/div/div/div[4]/div/div/tbody/tr[1]/td[2]/div')),3000).click();\n        await driver.sleep(3000);\n        btnCrtTnt = await driver.wait(until.elementLocated(By.xpath('//*[@id=\"toolBarFilesIcon\"]')),3000);\n        await btnCrtTnt.click();\n        await driver.wait(until.elementLocated(By.xpath('//*[@id=\"toptoolbar\"]/div[3]/div[1]/div/div/div[1]/p')),3000).click();\n        await driver.sleep(3000)\n        await driver.wait(until.elementLocated(By.xpath('//*[@id=\"modalDescription\"]/div/div/div[1]/div[2]/input')),3000).sendKeys(Name);\n        await driver.findElement(By.xpath('//*[@id=\"modalDescription\"]/div/div/div[3]/div[2]/input')).sendKeys(Phone);\n        await driver.findElement(By.xpath('//*[@id=\"modalDescription\"]/div/div/div[5]/div[2]/div/div/input')).sendKeys(Email);\n        driver.sleep(3000);\n        AddTntbtn = await driver.findElement(By.xpath('//*[@id=\"61e695a097e901136cb2aac1\"]/div[1]/div[2]/div[2]/footer/center/div[2]/button'));\n        AddTntbtn.click();\n        successAddTnt = await driver.wait(until.elementLocated(By.xpath('//*[@id=\"modalDescription\"]/div/div[2]/span/span'))).getText();\n        assert.equal('דייר נוסף בהצלחה', successAddTnt);\n        driver.findElement(By.xpath('//*[@id=\"modalDescription\"]/div/div[2]/span/span')).click();\n        driver.wait(until.elementLocated(By.xpath('//*[@id=\"view\"]/div/div[2]/div/div[1]/div[4]/div[3]/ul/li[1]/p')), 3000).click();",
              "err": {
                "message": "NoSuchElementError: no such element: Unable to locate element: {\"method\":\"xpath\",\"selector\":\"//*[@id=\"61e695a097e901136cb2aac1\"]/div[1]/div[2]/div[2]/footer/center/div[2]/button\"}\n  (Session info: chrome=97.0.4692.71)",
                "estack": "NoSuchElementError: no such element: Unable to locate element: {\"method\":\"xpath\",\"selector\":\"//*[@id=\"61e695a097e901136cb2aac1\"]/div[1]/div[2]/div[2]/footer/center/div[2]/button\"}\n  (Session info: chrome=97.0.4692.71)\n    at Object.throwDecodedError (node_modules\\selenium-webdriver\\lib\\error.js:522:15)\n    at parseHttpResponse (node_modules\\selenium-webdriver\\lib\\http.js:548:13)\n    at Executor.execute (node_modules\\selenium-webdriver\\lib\\http.js:474:28)\n    at processTicksAndRejections (internal/process/task_queues.js:95:5)\n    at async thenableWebDriverProxy.execute (node_modules\\selenium-webdriver\\lib\\webdriver.js:735:17)\n    at async Context.<anonymous> (test\\test1.test.js:120:21)",
                "diff": null
              },
              "uuid": "bd44ef51-45c6-400b-b6f0-1bf40e82b1f9",
              "parentUUID": "59508a78-7b42-47bd-b6b2-62d700738320",
              "isHook": false,
              "skipped": false
            }
          ],
          "suites": [],
          "passes": [
            "fb7ceea4-cb7a-43b7-a93d-bfaf44aa8123",
            "0248d862-954c-4eea-a609-65da8e6a0211",
            "1e525883-16b2-42cf-9d85-9553cbad0cdf"
          ],
          "failures": [
            "bd44ef51-45c6-400b-b6f0-1bf40e82b1f9"
          ],
          "pending": [],
          "skipped": [],
          "duration": 49032,
          "root": false,
          "rootEmpty": false,
          "_timeout": 1000000
        }
      ],
      "passes": [],
      "failures": [],
      "pending": [],
      "skipped": [],
      "duration": 0,
      "root": true,
      "rootEmpty": true,
      "_timeout": 1000000
    }
  ],
  "meta": {
    "mocha": {
      "version": "9.1.3"
    },
    "mochawesome": {
      "options": {
        "quiet": false,
        "reportFilename": "mochawesome",
        "saveHtml": true,
        "saveJson": true,
        "consoleReporter": "spec",
        "useInlineDiffs": false,
        "code": true
      },
      "version": "7.0.1"
    },
    "marge": {
      "options": null,
      "version": "6.0.1"
    }
  }
}